
Structure #1 - "aed".

   Input structure described as 3-periodic.
   Given space group is Ia-3d.
   144 nodes and 288 edges in repeat unit as given.

   Given repeat unit is accurate.
   Point group has 48 elements.
   3 kinds of node.

   Coordination sequences:
      Node 1:    3 12 10 31 25 72 55 144 93 221
      Node 2:    3 12 10 31 25 72 55 145 92 221
      Node 3:    6 6 20 17 50 39 110 75 185 117

   TD10 = 653

   Ideal space group is Ia-3d.

   Structure is new for this run.


   Relaxed cell parameters:
       a = 9.19111, b = 9.19111, c = 9.19111
       alpha = 90.0000, beta = 90.0000, gamma = 90.0000
   Cell volume: 776.43257
   Relaxed positions:
      Node 1:    0.06901 0.34855 0.31392
      Node 2:    0.12859 0.16650 0.37934
      Node 3:    0.02383 0.13884 0.36923
   Edges:
      0.02383 0.13884 0.36923  <->  -0.06392 0.09855 0.31901
      0.02383 0.13884 0.36923  <->  -0.06901 0.15145 0.31392
      0.02383 0.13884 0.36923  <->  0.09855 0.18099 0.43608
      0.02383 0.13884 0.36923  <->  0.12859 0.16650 0.37934
      0.02383 0.13884 0.36923  <->  0.12141 0.12934 0.41650
      0.02383 0.13884 0.36923  <->  -0.08350 0.12141 0.37066
   Edge centers:
      -0.02004 0.11870 0.34412
      -0.02259 0.14514 0.34157
      0.06119 0.15991 0.40266
      0.07621 0.15267 0.37429
      0.07262 0.13409 0.39287
      -0.02983 0.13013 0.36994

   Edge statistics: minimum = 0.99951, maximum = 1.00036, average = 1.00000
   Angle statistics: minimum = 28.20841, maximum = 174.82269, average = 110.36888
   Shortest non-bonded distance = 0.48750

   Degrees of freedom: 10

Finished structure #1 - "aed".


Structure #1 - "aed".

   Input structure described as 3-periodic.
   Given space group is Ia-3d.
   144 nodes and 288 edges in repeat unit as given.

   Given repeat unit is accurate.
   Point group has 48 elements.
   3 kinds of node.

   Coordination sequences:
      Node 1:    3 12 10 31 25 72 55 144 93 221
      Node 2:    3 12 10 31 25 72 55 145 92 221
      Node 3:    6 6 20 17 50 39 110 75 185 117

   TD10 = 653

   Ideal space group is Ia-3d.

   Structure is new for this run.


   Relaxed cell parameters:
       a = 9.19111, b = 9.19111, c = 9.19111
       alpha = 90.0000, beta = 90.0000, gamma = 90.0000
   Cell volume: 776.43257
   Relaxed positions:
      Node 1:    0.06901 0.34855 0.31392
      Node 2:    0.12859 0.16650 0.37934
      Node 3:    0.02383 0.13884 0.36923
   Edges:
      0.02383 0.13884 0.36923  <->  -0.06392 0.09855 0.31901
      0.02383 0.13884 0.36923  <->  -0.06901 0.15145 0.31392
      0.02383 0.13884 0.36923  <->  0.09855 0.18099 0.43608
      0.02383 0.13884 0.36923  <->  0.12859 0.16650 0.37934
      0.02383 0.13884 0.36923  <->  0.12141 0.12934 0.41650
      0.02383 0.13884 0.36923  <->  -0.08350 0.12141 0.37066
   Edge centers:
      -0.02004 0.11870 0.34412
      -0.02259 0.14514 0.34157
      0.06119 0.15991 0.40266
      0.07621 0.15267 0.37429
      0.07262 0.13409 0.39287
      -0.02983 0.13013 0.36994

   Edge statistics: minimum = 0.99951, maximum = 1.00036, average = 1.00000
   Angle statistics: minimum = 28.20841, maximum = 174.82269, average = 110.36888
   Shortest non-bonded distance = 0.48750

   Degrees of freedom: 10

Finished structure #1 - "aed".

Finished data file "E:\work VG\CIFs-Res\TOPOS\aed_systre.cgd".

