
Structure #1 - "bed".

   Input structure described as 3-periodic.
   Given space group is Ia-3d.
   88 nodes and 192 edges in repeat unit as given.

   Given repeat unit is accurate.
   Point group has 48 elements.
   3 kinds of node.

   Coordination sequences:
      Node 1:    3 18 15 69 53 213 118 403 208 676
      Node 2:    3 18 15 73 57 225 123 425 222 711
      Node 3:    8 8 40 32 144 89 318 171 564 272

   TD10 = 1759

   Ideal space group is Ia-3d.

   Structure is new for this run.


   Relaxed cell parameters:
       a = 5.41174, b = 5.41174, c = 5.41174
       alpha = 90.0000, beta = 90.0000, gamma = 90.0000
   Cell volume: 158.49308
   Relaxed positions:
      Node 1:    0.12469 0.25775 0.28813
      Node 2:    0.07276 0.07276 0.07276
      Node 3:    0.07850 0.32850 0.12500
   Edges:
      0.07850 0.32850 0.12500  <->  0.00775 0.37469 -0.03813
      0.07276 0.07276 0.07276  <->  0.12500 -0.07850 0.17150
      0.07850 0.32850 0.12500  <->  0.12531 0.46187 0.00775
      0.07850 0.32850 0.12500  <->  0.25775 0.28813 0.12469
   Edge centers:
      0.04312 0.35159 0.04343
      0.09888 -0.00287 0.12213
      0.10191 0.39519 0.06637
      0.16812 0.30832 0.12484

   Edge statistics: minimum = 0.99385, maximum = 1.01762, average = 1.00000
   Angle statistics: minimum = 46.48450, maximum = 169.14506, average = 101.89555
   Shortest non-bonded distance = 0.79424

   Degrees of freedom: 6

Finished structure #1 - "bed".


Structure #1 - "bed".

   Input structure described as 3-periodic.
   Given space group is Ia-3d.
   88 nodes and 192 edges in repeat unit as given.

   Given repeat unit is accurate.
   Point group has 48 elements.
   3 kinds of node.

   Coordination sequences:
      Node 1:    3 18 15 69 53 213 118 403 208 676
      Node 2:    3 18 15 73 57 225 123 425 222 711
      Node 3:    8 8 40 32 144 89 318 171 564 272

   TD10 = 1759

   Ideal space group is Ia-3d.

   Structure is new for this run.


   Relaxed cell parameters:
       a = 5.41174, b = 5.41174, c = 5.41174
       alpha = 90.0000, beta = 90.0000, gamma = 90.0000
   Cell volume: 158.49308
   Relaxed positions:
      Node 1:    0.12469 0.25775 0.28813
      Node 2:    0.07276 0.07276 0.07276
      Node 3:    0.07850 0.32850 0.12500
   Edges:
      0.07850 0.32850 0.12500  <->  0.00775 0.37469 -0.03813
      0.07276 0.07276 0.07276  <->  0.12500 -0.07850 0.17150
      0.07850 0.32850 0.12500  <->  0.12531 0.46187 0.00775
      0.07850 0.32850 0.12500  <->  0.25775 0.28813 0.12469
   Edge centers:
      0.04312 0.35159 0.04343
      0.09888 -0.00287 0.12213
      0.10191 0.39519 0.06637
      0.16812 0.30832 0.12484

   Edge statistics: minimum = 0.99385, maximum = 1.01762, average = 1.00000
   Angle statistics: minimum = 46.48450, maximum = 169.14506, average = 101.89555
   Shortest non-bonded distance = 0.79424

   Degrees of freedom: 6

Finished structure #1 - "bed".

Finished data file "E:\work VG\CIFs-Res\TOPOS\bed_systre.cgd".

