
Structure #1 - "ced".

   Input structure described as 3-periodic.
   Given space group is Fd-3m:2.
   44 nodes and 96 edges in repeat unit as given.

   Given repeat unit is accurate.
   Point group has 48 elements.
   3 kinds of node.

   Coordination sequences:
      Node 1:    3 18 14 56 34 130 73 245 118 367
      Node 2:    3 18 12 49 33 129 72 228 102 339
      Node 3:    8 8 36 23 90 54 194 99 304 136

   TD10 = 1017

   Ideal space group is Fd-3m.
     (using second origin choice)

   Structure is new for this run.


   Relaxed cell parameters:
       a = 6.56440, b = 6.56440, c = 6.56440
       alpha = 90.0000, beta = 90.0000, gamma = 90.0000
   Cell volume: 282.86902
   Relaxed positions:
      Node 1:    0.02243 0.02243 0.40255
      Node 2:    0.03715 0.03715 0.53715
      Node 3:    0.12500 0.12500 0.45003
   Edges:
      0.02243 0.02243 0.40255  <->  0.12500 0.12500 0.45003
      0.02243 0.02243 0.40255  <->  0.04997 -0.12500 0.37500
      0.12500 0.12500 0.45003  <->  0.03715 0.03715 0.53715
   Edge centers:
      0.07372 0.07372 0.42629
      0.03620 -0.05128 0.38878
      0.08108 0.08108 0.49359

   Edge statistics: minimum = 0.99607, maximum = 1.00189, average = 1.00000
   Angle statistics: minimum = 39.82454, maximum = 163.08217, average = 103.09712
   Shortest non-bonded distance = 0.68019

   Degrees of freedom: 5

Finished structure #1 - "ced".


Structure #1 - "ced".

   Input structure described as 3-periodic.
   Given space group is Fd-3m:2.
   44 nodes and 96 edges in repeat unit as given.

   Given repeat unit is accurate.
   Point group has 48 elements.
   3 kinds of node.

   Coordination sequences:
      Node 1:    3 18 14 56 34 130 73 245 118 367
      Node 2:    3 18 12 49 33 129 72 228 102 339
      Node 3:    8 8 36 23 90 54 194 99 304 136

   TD10 = 1017

   Ideal space group is Fd-3m.
     (using second origin choice)

   Structure is new for this run.


   Relaxed cell parameters:
       a = 6.56440, b = 6.56440, c = 6.56440
       alpha = 90.0000, beta = 90.0000, gamma = 90.0000
   Cell volume: 282.86902
   Relaxed positions:
      Node 1:    0.02243 0.02243 0.40255
      Node 2:    0.03715 0.03715 0.53715
      Node 3:    0.12500 0.12500 0.45003
   Edges:
      0.02243 0.02243 0.40255  <->  0.12500 0.12500 0.45003
      0.02243 0.02243 0.40255  <->  0.04997 -0.12500 0.37500
      0.12500 0.12500 0.45003  <->  0.03715 0.03715 0.53715
   Edge centers:
      0.07372 0.07372 0.42629
      0.03620 -0.05128 0.38878
      0.08108 0.08108 0.49359

   Edge statistics: minimum = 0.99607, maximum = 1.00189, average = 1.00000
   Angle statistics: minimum = 39.82454, maximum = 163.08217, average = 103.09712
   Shortest non-bonded distance = 0.68019

   Degrees of freedom: 5

Finished structure #1 - "ced".

Finished data file "E:\work VG\CIFs-Res\TOPOS\ced_systre.cgd".

