
Structure #1 - "led".

   Input structure described as 3-periodic.
   Given space group is Ia-3d.
   72 nodes and 144 edges in repeat unit as given.

   Given repeat unit is accurate.
   Point group has 48 elements.
   2 kinds of node.

   Coordination sequences:
      Node 1:    3 12 10 33 30 90 65 166 114 281
      Node 2:    6 6 20 18 60 49 130 88 228 147

   TD10 = 788

   Ideal space group is Ia-3d.

   Structure is new for this run.


   Relaxed cell parameters:
       a = 6.87495, b = 6.87495, c = 6.87495
       alpha = 90.0000, beta = 90.0000, gamma = 90.0000
   Cell volume: 324.94362
   Relaxed positions:
      Node 1:    0.03237 0.23558 0.34015
      Node 2:    0.05569 0.37500 0.30569
   Edges:
      0.03237 0.23558 0.34015  <->  0.05569 0.37500 0.30569
      0.03237 0.23558 0.34015  <->  0.12500 0.19431 0.44431
      0.03237 0.23558 0.34015  <->  -0.05569 0.12500 0.30569
   Edge centers:
      0.04403 0.30529 0.32292
      0.07868 0.21495 0.39223
      -0.01166 0.18029 0.32292

   Edge statistics: minimum = 0.99942, maximum = 1.00029, average = 1.00000
   Angle statistics: minimum = 28.19036, maximum = 173.78948, average = 110.36392
   Shortest non-bonded distance = 0.48721

   Degrees of freedom: 5

Finished structure #1 - "led".


Structure #1 - "led".

   Input structure described as 3-periodic.
   Given space group is Ia-3d.
   72 nodes and 144 edges in repeat unit as given.

   Given repeat unit is accurate.
   Point group has 48 elements.
   2 kinds of node.

   Coordination sequences:
      Node 1:    3 12 10 33 30 90 65 166 114 281
      Node 2:    6 6 20 18 60 49 130 88 228 147

   TD10 = 788

   Ideal space group is Ia-3d.

   Structure is new for this run.


   Relaxed cell parameters:
       a = 6.87495, b = 6.87495, c = 6.87495
       alpha = 90.0000, beta = 90.0000, gamma = 90.0000
   Cell volume: 324.94362
   Relaxed positions:
      Node 1:    0.03237 0.23558 0.34015
      Node 2:    0.05569 0.37500 0.30569
   Edges:
      0.03237 0.23558 0.34015  <->  0.05569 0.37500 0.30569
      0.03237 0.23558 0.34015  <->  0.12500 0.19431 0.44431
      0.03237 0.23558 0.34015  <->  -0.05569 0.12500 0.30569
   Edge centers:
      0.04403 0.30529 0.32292
      0.07868 0.21495 0.39223
      -0.01166 0.18029 0.32292

   Edge statistics: minimum = 0.99942, maximum = 1.00029, average = 1.00000
   Angle statistics: minimum = 28.19036, maximum = 173.78948, average = 110.36392
   Shortest non-bonded distance = 0.48721

   Degrees of freedom: 5

Finished structure #1 - "led".

Finished data file "E:\work VG\CIFs-Res\TOPOS\led_systre.cgd".

