
Structure #1 - "qed".

   Input structure described as 3-periodic.
   Given space group is P6222.
   18 nodes and 36 edges in repeat unit as given.

   Given repeat unit is accurate.
   Point group has 12 elements.
   2 kinds of node.

   Coordination sequences:
      Node 1:    3 12 10 33 30 94 75 193 121 291
      Node 2:    6 6 20 18 60 51 150 103 242 156

   TD10 = 846

   Ideal space group is P6222.

   Structure is new for this run.


   Relaxed cell parameters:
       a = 3.44007, b = 3.44007, c = 3.64261
       alpha = 90.0000, beta = 90.0000, gamma = 120.0000
   Cell volume: 37.33157
   Relaxed positions:
      Node 1:    0.05403 0.46029 0.21811
      Node 2:    0.23754 0.47508 0.00000
   Edges:
      0.23754 0.47508 0.00000  <->  0.05403 0.46029 0.21811
      0.23754 0.47508 0.00000  <->  0.05403 0.59374 0.11522
      0.23754 0.47508 0.00000  <->  0.46029 0.40626 -0.11522
   Edge centers:
      0.14579 0.46769 0.10905
      0.14579 0.53441 0.05761
      0.34891 0.44067 -0.05761

   Edge statistics: minimum = 0.99950, maximum = 1.00040, average = 1.00000
   Angle statistics: minimum = 28.59554, maximum = 174.94766, average = 110.45041
   Shortest non-bonded distance = 0.49405

   Degrees of freedom: 6

Finished structure #1 - "qed".


Structure #1 - "qed".

   Input structure described as 3-periodic.
   Given space group is P6222.
   18 nodes and 36 edges in repeat unit as given.

   Given repeat unit is accurate.
   Point group has 12 elements.
   2 kinds of node.

   Coordination sequences:
      Node 1:    3 12 10 33 30 94 75 193 121 291
      Node 2:    6 6 20 18 60 51 150 103 242 156

   TD10 = 846

   Ideal space group is P6222.

   Structure is new for this run.


   Relaxed cell parameters:
       a = 3.44007, b = 3.44007, c = 3.64261
       alpha = 90.0000, beta = 90.0000, gamma = 120.0000
   Cell volume: 37.33157
   Relaxed positions:
      Node 1:    0.05403 0.46029 0.21811
      Node 2:    0.23754 0.47508 0.00000
   Edges:
      0.23754 0.47508 0.00000  <->  0.05403 0.46029 0.21811
      0.23754 0.47508 0.00000  <->  0.05403 0.59374 0.11522
      0.23754 0.47508 0.00000  <->  0.46029 0.40626 -0.11522
   Edge centers:
      0.14579 0.46769 0.10905
      0.14579 0.53441 0.05761
      0.34891 0.44067 -0.05761

   Edge statistics: minimum = 0.99950, maximum = 1.00040, average = 1.00000
   Angle statistics: minimum = 28.59554, maximum = 174.94766, average = 110.45041
   Shortest non-bonded distance = 0.49405

   Degrees of freedom: 6

Finished structure #1 - "qed".

Finished data file "E:\work VG\CIFs-Res\TOPOS\qed_systre.cgd".

